0 info it worked if it ends with ok
1 verbose cli [ 'C:\\Program Files\\nodejs\\node.exe',
1 verbose cli   'C:\\Program Files\\nodejs\\node_modules\\npm\\bin\\npm-cli.js',
1 verbose cli   'install',
1 verbose cli   '-g',
1 verbose cli   'bower' ]
2 info using npm@4.0.2
3 info using node@v6.9.1
4 silly loadCurrentTree Starting
5 silly install loadCurrentTree
6 silly install readGlobalPackageData
7 silly fetchPackageMetaData bower
8 silly fetchNamedPackageData bower
9 silly mapToRegistry name bower
10 silly mapToRegistry using default registry
11 silly mapToRegistry registry https://registry.npmjs.org/
12 silly mapToRegistry data Result {
12 silly mapToRegistry   raw: 'bower',
12 silly mapToRegistry   scope: null,
12 silly mapToRegistry   escapedName: 'bower',
12 silly mapToRegistry   name: 'bower',
12 silly mapToRegistry   rawSpec: '',
12 silly mapToRegistry   spec: 'latest',
12 silly mapToRegistry   type: 'tag' }
13 silly mapToRegistry uri https://registry.npmjs.org/bower
14 verbose request uri https://registry.npmjs.org/bower
15 verbose request no auth needed
16 info attempt registry request try #1 at 11:38:58 PM
17 verbose request id e92d47872ccfcb6e
18 http request GET https://registry.npmjs.org/bower
19 http 200 https://registry.npmjs.org/bower
20 verbose headers { server: 'nginx/1.10.1',
20 verbose headers   'content-type': 'application/json',
20 verbose headers   'last-modified': 'Sat, 15 Apr 2017 14:41:42 GMT',
20 verbose headers   etag: 'W/"58f23126-2afde"',
20 verbose headers   'content-encoding': 'gzip',
20 verbose headers   'cache-control': 'max-age=300',
20 verbose headers   'content-length': '16710',
20 verbose headers   'accept-ranges': 'bytes',
20 verbose headers   date: 'Thu, 20 Apr 2017 03:38:57 GMT',
20 verbose headers   via: '1.1 varnish',
20 verbose headers   age: '0',
20 verbose headers   connection: 'keep-alive',
20 verbose headers   'x-served-by': 'cache-mia1324-MIA',
20 verbose headers   'x-cache': 'HIT',
20 verbose headers   'x-cache-hits': '1',
20 verbose headers   'x-timer': 'S1492659538.623229,VS0,VE33',
20 verbose headers   vary: 'Accept-Encoding' }
21 silly get cb [ 200,
21 silly get   { server: 'nginx/1.10.1',
21 silly get     'content-type': 'application/json',
21 silly get     'last-modified': 'Sat, 15 Apr 2017 14:41:42 GMT',
21 silly get     etag: 'W/"58f23126-2afde"',
21 silly get     'content-encoding': 'gzip',
21 silly get     'cache-control': 'max-age=300',
21 silly get     'content-length': '16710',
21 silly get     'accept-ranges': 'bytes',
21 silly get     date: 'Thu, 20 Apr 2017 03:38:57 GMT',
21 silly get     via: '1.1 varnish',
21 silly get     age: '0',
21 silly get     connection: 'keep-alive',
21 silly get     'x-served-by': 'cache-mia1324-MIA',
21 silly get     'x-cache': 'HIT',
21 silly get     'x-cache-hits': '1',
21 silly get     'x-timer': 'S1492659538.623229,VS0,VE33',
21 silly get     vary: 'Accept-Encoding' } ]
22 verbose get saving bower to C:\Users\carlos-develop\AppData\Roaming\npm-cache\registry.npmjs.org\bower\.cache.json
23 verbose correctMkdir C:\Users\carlos-develop\AppData\Roaming\npm-cache correctMkdir not in flight; initializing
24 verbose makeDirectory C:\Users\carlos-develop\AppData\Roaming\npm-cache creation not in flight; initializing
25 verbose makeCacheDir UID & GID are irrelevant on win32
26 silly install normalizeTree
27 silly loadCurrentTree Finishing
28 silly loadIdealTree Starting
29 silly install loadIdealTree
30 silly cloneCurrentTree Starting
31 silly install cloneCurrentTreeToIdealTree
32 silly cloneCurrentTree Finishing
33 silly loadShrinkwrap Starting
34 silly install loadShrinkwrap
35 silly loadShrinkwrap Finishing
36 silly loadAllDepsIntoIdealTree Starting
37 silly install loadAllDepsIntoIdealTree
38 silly resolveWithNewModule bower@1.8.0 checking installable status
39 silly cache add args [ 'bower', null ]
40 verbose cache add spec bower
41 silly cache add parsed spec Result {
41 silly cache add   raw: 'bower',
41 silly cache add   scope: null,
41 silly cache add   escapedName: 'bower',
41 silly cache add   name: 'bower',
41 silly cache add   rawSpec: '',
41 silly cache add   spec: 'latest',
41 silly cache add   type: 'tag' }
42 silly addNamed bower@latest
43 verbose addNamed "latest" is being treated as a dist-tag for bower
44 info addNameTag [ 'bower', 'latest' ]
45 silly mapToRegistry name bower
46 silly mapToRegistry using default registry
47 silly mapToRegistry registry https://registry.npmjs.org/
48 silly mapToRegistry data Result {
48 silly mapToRegistry   raw: 'bower',
48 silly mapToRegistry   scope: null,
48 silly mapToRegistry   escapedName: 'bower',
48 silly mapToRegistry   name: 'bower',
48 silly mapToRegistry   rawSpec: '',
48 silly mapToRegistry   spec: 'latest',
48 silly mapToRegistry   type: 'tag' }
49 silly mapToRegistry uri https://registry.npmjs.org/bower
50 verbose addNameTag registry:https://registry.npmjs.org/bower not in flight; fetching
51 verbose get https://registry.npmjs.org/bower not expired, no request
52 silly addNameTag next cb for bower with tag latest
53 silly addNamed bower@1.8.0
54 verbose addNamed "1.8.0" is a plain semver version for bower
55 silly mapToRegistry name bower
56 silly mapToRegistry using default registry
57 silly mapToRegistry registry https://registry.npmjs.org/
58 silly mapToRegistry data Result {
58 silly mapToRegistry   raw: 'bower',
58 silly mapToRegistry   scope: null,
58 silly mapToRegistry   escapedName: 'bower',
58 silly mapToRegistry   name: 'bower',
58 silly mapToRegistry   rawSpec: '',
58 silly mapToRegistry   spec: 'latest',
58 silly mapToRegistry   type: 'tag' }
59 silly mapToRegistry uri https://registry.npmjs.org/bower
60 verbose addRemoteTarball https://registry.npmjs.org/bower/-/bower-1.8.0.tgz not in flight; adding
61 verbose addRemoteTarball [ 'https://registry.npmjs.org/bower/-/bower-1.8.0.tgz',
61 verbose addRemoteTarball   '55dbebef0ad9155382d9e9d3e497c1372345b44a' ]
62 info retry fetch attempt 1 at 11:38:59 PM
63 info attempt registry request try #1 at 11:38:59 PM
64 http fetch GET https://registry.npmjs.org/bower/-/bower-1.8.0.tgz
65 http fetch 200 https://registry.npmjs.org/bower/-/bower-1.8.0.tgz
66 silly fetchAndShaCheck shasum 55dbebef0ad9155382d9e9d3e497c1372345b44a
67 verbose addTmpTarball C:\Users\CARLOS~1\AppData\Local\Temp\npm-17080-09e1c24d\registry.npmjs.org\bower\-\bower-1.8.0.tgz not in flight; adding
68 verbose addTmpTarball already have metadata; skipping unpack for bower@1.8.0
69 verbose correctMkdir C:\Users\carlos-develop\AppData\Roaming\npm-cache correctMkdir not in flight; initializing
70 silly cache afterAdd bower@1.8.0
71 verbose afterAdd C:\Users\carlos-develop\AppData\Roaming\npm-cache\bower\1.8.0\package\package.json not in flight; writing
72 verbose correctMkdir C:\Users\carlos-develop\AppData\Roaming\npm-cache correctMkdir not in flight; initializing
73 verbose afterAdd C:\Users\carlos-develop\AppData\Roaming\npm-cache\bower\1.8.0\package\package.json written
74 silly loadAllDepsIntoIdealTree Finishing
75 silly loadIdealTree Finishing
76 silly currentTree nodejs
77 silly idealTree nodejs
77 silly idealTree `-- bower@1.8.0
78 silly generateActionsToTake Starting
79 silly install generateActionsToTake
80 silly generateActionsToTake Finishing
81 silly diffTrees action count 1
82 silly diffTrees add bower@1.8.0
83 silly decomposeActions action count 8
84 silly decomposeActions fetch bower@1.8.0
85 silly decomposeActions extract bower@1.8.0
86 silly decomposeActions test bower@1.8.0
87 silly decomposeActions preinstall bower@1.8.0
88 silly decomposeActions build bower@1.8.0
89 silly decomposeActions install bower@1.8.0
90 silly decomposeActions postinstall bower@1.8.0
91 silly decomposeActions finalize bower@1.8.0
92 silly runTopLevelLifecycles Starting
93 silly executeActions Starting
94 silly install executeActions
95 silly doSerial global-install 0
96 silly doParallel fetch 1
97 verbose correctMkdir C:\Users\carlos-develop\AppData\Roaming\npm-cache\_locks correctMkdir not in flight; initializing
98 verbose makeDirectory C:\Users\carlos-develop\AppData\Roaming\npm-cache\_locks creation not in flight; initializing
99 verbose makeCacheDir UID & GID are irrelevant on win32
100 verbose lock using C:\Users\carlos-develop\AppData\Roaming\npm-cache\_locks\staging-dfd8fbf9c1feea0f.lock for C:\Program Files\nodejs\node_modules\.staging
101 verbose unlock done using C:\Users\carlos-develop\AppData\Roaming\npm-cache\_locks\staging-dfd8fbf9c1feea0f.lock for C:\Program Files\nodejs\node_modules\.staging
102 silly rollbackFailedOptional Starting
103 silly rollbackFailedOptional Finishing
104 silly runTopLevelLifecycles Finishing
105 silly install printInstalled
106 verbose stack Error: EPERM: operation not permitted, mkdir 'C:\Program Files\nodejs\node_modules\.staging'
106 verbose stack     at Error (native)
107 verbose cwd C:\dev\www\sites\teamwork\public
108 error Windows_NT 10.0.14393
109 error argv "C:\\Program Files\\nodejs\\node.exe" "C:\\Program Files\\nodejs\\node_modules\\npm\\bin\\npm-cli.js" "install" "-g" "bower"
110 error node v6.9.1
111 error npm  v4.0.2
112 error path C:\Program Files\nodejs\node_modules\.staging
113 error code EPERM
114 error errno -4048
115 error syscall mkdir
116 error Error: EPERM: operation not permitted, mkdir 'C:\Program Files\nodejs\node_modules\.staging'
116 error     at Error (native)
116 error  { Error: EPERM: operation not permitted, mkdir 'C:\Program Files\nodejs\node_modules\.staging'
116 error     at Error (native)
116 error   errno: -4048,
116 error   code: 'EPERM',
116 error   syscall: 'mkdir',
116 error   path: 'C:\\Program Files\\nodejs\\node_modules\\.staging' }
117 error Please try running this command again as root/Administrator.
118 verbose exit [ -4048, true ]
